Started GET "/" for 127.0.0.1 at 2017-07-05 14:50:04 +0200
Processing by PagesController#home as HTML
  Rendering pages/home.html.erb within layouts/application
  Rendered pages/home.html.erb within layouts/application (3.5ms)
Completed 200 OK in 1984ms (Views: 1962.4ms | ActiveRecord: 0.0ms)


Started GET "/about" for 127.0.0.1 at 2017-07-05 14:59:42 +0200
Processing by PagesController#about as HTML
  Rendering pages/about.html.erb within layouts/application
  Rendered pages/about.html.erb within layouts/application (2.5ms)
Completed 200 OK in 619ms (Views: 582.2ms | ActiveRecord: 0.0ms)


Started GET "/about" for 127.0.0.1 at 2017-07-05 15:04:43 +0200
Processing by PagesController#about as HTML
  Rendering pages/about.html.erb within layouts/application
  Rendered pages/about.html.erb within layouts/application (1.6ms)
Completed 500 Internal Server Error in 117ms (ActiveRecord: 0.0ms)


  
ActionView::Template::Error (File to import not found or unreadable: bootstrap.
Load paths:
  /home/calvin/TrelloClone/app/assets/config
  /home/calvin/TrelloClone/app/assets/images
  /home/calvin/TrelloClone/app/assets/javascripts
  /home/calvin/TrelloClone/app/assets/stylesheets
  /home/calvin/TrelloClone/vendor/assets/javascripts
  /home/calvin/TrelloClone/vendor/assets/stylesheets
  /home/calvin/.rvm/gems/ruby-2.4.0/gems/jquery-rails-4.3.1/vendor/assets/javascripts
  /home/calvin/.rvm/gems/ruby-2.4.0/gems/coffee-rails-4.2.2/lib/assets/javascripts
  /home/calvin/.rvm/gems/ruby-2.4.0/gems/actioncable-5.0.4/lib/assets/compiled
  /home/calvin/.rvm/gems/ruby-2.4.0/gems/turbolinks-source-5.0.3/lib/assets/javascripts):
    4:     <title>TrelloClone</title>
    5:     <%= csrf_meta_tags %>
    6: 
    7:     <%= stylesheet_link_tag    'application', media: 'all', 'data-turbolinks-track': 'reload' %>
    8:     <%= javascript_include_tag 'application', 'data-turbolinks-track': 'reload' %>
    9:   </head>
   10: 
  
app/assets/stylesheets/application.scss:17
app/views/layouts/application.html.erb:7:in `_app_views_layouts_application_html_erb___3754998297801042102_69868465375600'
  Rendering /home/calvin/.rvm/gems/ruby-2.4.0/gems/actionpack-5.0.4/lib/action_dispatch/middleware/templates/rescues/template_error.html.erb within rescues/layout
  Rendering /home/calvin/.rvm/gems/ruby-2.4.0/gems/actionpack-5.0.4/lib/action_dispatch/middleware/templates/rescues/_source.html.erb
  Rendered /home/calvin/.rvm/gems/ruby-2.4.0/gems/actionpack-5.0.4/lib/action_dispatch/middleware/templates/rescues/_source.html.erb (22.9ms)
  Rendering /home/calvin/.rvm/gems/ruby-2.4.0/gems/actionpack-5.0.4/lib/action_dispatch/middleware/templates/rescues/_trace.html.erb
  Rendered /home/calvin/.rvm/gems/ruby-2.4.0/gems/actionpack-5.0.4/lib/action_dispatch/middleware/templates/rescues/_trace.html.erb (7.8ms)
  Rendering /home/calvin/.rvm/gems/ruby-2.4.0/gems/actionpack-5.0.4/lib/action_dispatch/middleware/templates/rescues/_request_and_response.html.erb
  Rendered /home/calvin/.rvm/gems/ruby-2.4.0/gems/actionpack-5.0.4/lib/action_dispatch/middleware/templates/rescues/_request_and_response.html.erb (2.8ms)
  Rendered /home/calvin/.rvm/gems/ruby-2.4.0/gems/actionpack-5.0.4/lib/action_dispatch/middleware/templates/rescues/template_error.html.erb within rescues/layout (70.3ms)
Started GET "/about" for 127.0.0.1 at 2017-07-05 15:05:18 +0200
Processing by PagesController#about as HTML
  Rendering pages/about.html.erb within layouts/application
  Rendered pages/about.html.erb within layouts/application (2.1ms)
Completed 200 OK in 9575ms (Views: 9557.1ms | ActiveRecord: 0.0ms)


Started GET "/posts" for 127.0.0.1 at 2017-07-05 15:24:08 +0200
  
ActionController::RoutingError (No route matches [GET] "/posts"):
  
actionpack (5.0.4) lib/action_dispatch/middleware/debug_exceptions.rb:53:in `call'
web-console (3.5.1) lib/web_console/middleware.rb:135:in `call_app'
web-console (3.5.1) lib/web_console/middleware.rb:28:in `block in call'
web-console (3.5.1) lib/web_console/middleware.rb:18:in `catch'
web-console (3.5.1) lib/web_console/middleware.rb:18:in `call'
actionpack (5.0.4) lib/action_dispatch/middleware/show_exceptions.rb:31:in `call'
railties (5.0.4) lib/rails/rack/logger.rb:36:in `call_app'
railties (5.0.4) lib/rails/rack/logger.rb:24:in `block in call'
activesupport (5.0.4) lib/active_support/tagged_logging.rb:69:in `block in tagged'
activesupport (5.0.4) lib/active_support/tagged_logging.rb:26:in `tagged'
activesupport (5.0.4) lib/active_support/tagged_logging.rb:69:in `tagged'
railties (5.0.4) lib/rails/rack/logger.rb:24:in `call'
sprockets-rails (3.2.0) lib/sprockets/rails/quiet_assets.rb:13:in `call'
actionpack (5.0.4) lib/action_dispatch/middleware/request_id.rb:24:in `call'
rack (2.0.3) lib/rack/method_override.rb:22:in `call'
rack (2.0.3) lib/rack/runtime.rb:22:in `call'
activesupport (5.0.4) lib/active_support/cache/strategy/local_cache_middleware.rb:28:in `call'
actionpack (5.0.4) lib/action_dispatch/middleware/executor.rb:12:in `call'
actionpack (5.0.4) lib/action_dispatch/middleware/static.rb:136:in `call'
rack (2.0.3) lib/rack/sendfile.rb:111:in `call'
railties (5.0.4) lib/rails/engine.rb:522:in `call'
puma (3.9.1) lib/puma/configuration.rb:224:in `call'
puma (3.9.1) lib/puma/server.rb:602:in `handle_request'
puma (3.9.1) lib/puma/server.rb:435:in `process_client'
puma (3.9.1) lib/puma/server.rb:299:in `block in run'
puma (3.9.1) lib/puma/thread_pool.rb:120:in `block in spawn_thread'
  Rendering /home/calvin/.rvm/gems/ruby-2.4.0/gems/actionpack-5.0.4/lib/action_dispatch/middleware/templates/rescues/routing_error.html.erb within rescues/layout
  Rendering /home/calvin/.rvm/gems/ruby-2.4.0/gems/actionpack-5.0.4/lib/action_dispatch/middleware/templates/rescues/_trace.html.erb
  Rendered /home/calvin/.rvm/gems/ruby-2.4.0/gems/actionpack-5.0.4/lib/action_dispatch/middleware/templates/rescues/_trace.html.erb (2.9ms)
  Rendered collection of /home/calvin/.rvm/gems/ruby-2.4.0/gems/actionpack-5.0.4/lib/action_dispatch/middleware/templates/routes/_route.html.erb [2 times] (3.7ms)
  Rendered /home/calvin/.rvm/gems/ruby-2.4.0/gems/actionpack-5.0.4/lib/action_dispatch/middleware/templates/routes/_table.html.erb (12.6ms)
  Rendering /home/calvin/.rvm/gems/ruby-2.4.0/gems/actionpack-5.0.4/lib/action_dispatch/middleware/templates/rescues/_request_and_response.html.erb
  Rendered /home/calvin/.rvm/gems/ruby-2.4.0/gems/actionpack-5.0.4/lib/action_dispatch/middleware/templates/rescues/_request_and_response.html.erb (20.8ms)
  Rendered /home/calvin/.rvm/gems/ruby-2.4.0/gems/actionpack-5.0.4/lib/action_dispatch/middleware/templates/rescues/routing_error.html.erb within rescues/layout (81.2ms)
Started GET "/" for 127.0.0.1 at 2017-07-05 15:24:13 +0200
Processing by PagesController#home as HTML
  Rendering pages/home.html.erb within layouts/application
  Rendered pages/home.html.erb within layouts/application (2.4ms)
Completed 500 Internal Server Error in 534ms (ActiveRecord: 0.0ms)


  
ActionView::Template::Error (File to import not found or unreadable: bootstrap.
Load paths:
  /home/calvin/TrelloClone/app/assets/config
  /home/calvin/TrelloClone/app/assets/images
  /home/calvin/TrelloClone/app/assets/javascripts
  /home/calvin/TrelloClone/app/assets/stylesheets
  /home/calvin/TrelloClone/vendor/assets/javascripts
  /home/calvin/TrelloClone/vendor/assets/stylesheets
  /home/calvin/.rvm/gems/ruby-2.4.0/gems/jquery-rails-4.3.1/vendor/assets/javascripts
  /home/calvin/.rvm/gems/ruby-2.4.0/gems/coffee-rails-4.2.2/lib/assets/javascripts
  /home/calvin/.rvm/gems/ruby-2.4.0/bundler/gems/twitter-bootstrap-rails-c236286b7d6e/app/assets/fonts
  /home/calvin/.rvm/gems/ruby-2.4.0/bundler/gems/twitter-bootstrap-rails-c236286b7d6e/app/assets/javascripts
  /home/calvin/.rvm/gems/ruby-2.4.0/bundler/gems/twitter-bootstrap-rails-c236286b7d6e/app/assets/stylesheets
  /home/calvin/.rvm/gems/ruby-2.4.0/bundler/gems/twitter-bootstrap-rails-c236286b7d6e/vendor/assets/stylesheets
  /home/calvin/.rvm/gems/ruby-2.4.0/gems/actioncable-5.0.4/lib/assets/compiled
  /home/calvin/.rvm/gems/ruby-2.4.0/gems/turbolinks-source-5.0.3/lib/assets/javascripts):
    4:     <title>TrelloClone</title>
    5:     <%= csrf_meta_tags %>
    6: 
    7:     <%= stylesheet_link_tag    'application', media: 'all', 'data-turbolinks-track': 'reload' %>
    8:     <%= javascript_include_tag 'application', 'data-turbolinks-track': 'reload' %>
    9:   </head>
   10: 
  
app/assets/stylesheets/application.scss:17
app/views/layouts/application.html.erb:7:in `_app_views_layouts_application_html_erb__3113042276929282588_70238486204680'
  Rendering /home/calvin/.rvm/gems/ruby-2.4.0/gems/actionpack-5.0.4/lib/action_dispatch/middleware/templates/rescues/template_error.html.erb within rescues/layout
  Rendering /home/calvin/.rvm/gems/ruby-2.4.0/gems/actionpack-5.0.4/lib/action_dispatch/middleware/templates/rescues/_source.html.erb
  Rendered /home/calvin/.rvm/gems/ruby-2.4.0/gems/actionpack-5.0.4/lib/action_dispatch/middleware/templates/rescues/_source.html.erb (19.4ms)
  Rendering /home/calvin/.rvm/gems/ruby-2.4.0/gems/actionpack-5.0.4/lib/action_dispatch/middleware/templates/rescues/_trace.html.erb
  Rendered /home/calvin/.rvm/gems/ruby-2.4.0/gems/actionpack-5.0.4/lib/action_dispatch/middleware/templates/rescues/_trace.html.erb (7.3ms)
  Rendering /home/calvin/.rvm/gems/ruby-2.4.0/gems/actionpack-5.0.4/lib/action_dispatch/middleware/templates/rescues/_request_and_response.html.erb
  Rendered /home/calvin/.rvm/gems/ruby-2.4.0/gems/actionpack-5.0.4/lib/action_dispatch/middleware/templates/rescues/_request_and_response.html.erb (1.7ms)
  Rendered /home/calvin/.rvm/gems/ruby-2.4.0/gems/actionpack-5.0.4/lib/action_dispatch/middleware/templates/rescues/template_error.html.erb within rescues/layout (56.3ms)
Started GET "/" for 127.0.0.1 at 2017-07-05 15:25:10 +0200
Processing by PagesController#home as HTML
  Rendering pages/home.html.erb within layouts/application
  Rendered pages/home.html.erb within layouts/application (2.4ms)
Completed 200 OK in 1534ms (Views: 1522.6ms | ActiveRecord: 0.0ms)


Started GET "/about" for 127.0.0.1 at 2017-07-05 15:25:19 +0200
Processing by PagesController#about as HTML
  Rendering pages/about.html.erb within layouts/application
  Rendered pages/about.html.erb within layouts/application (1.5ms)
Completed 200 OK in 286ms (Views: 281.2ms | ActiveRecord: 0.0ms)


Started GET "/about" for 127.0.0.1 at 2017-07-05 15:29:49 +0200
Processing by PagesController#about as HTML
  Rendering pages/about.html.erb within layouts/application
  Rendered pages/about.html.erb within layouts/application (0.9ms)
Completed 200 OK in 418ms (Views: 415.4ms | ActiveRecord: 0.0ms)


Started GET "/about" for 127.0.0.1 at 2017-07-05 15:39:29 +0200
Processing by PagesController#about as HTML
  Rendering pages/about.html.erb within layouts/application
  Rendered pages/about.html.erb within layouts/application (1.4ms)
Completed 500 Internal Server Error in 236ms (ActiveRecord: 0.0ms)


  
ActionView::Template::Error (Missing partial pages/_nav, application/_nav with {:locale=>[:en], :formats=>[:html], :variants=>[], :handlers=>[:raw, :erb, :html, :builder, :ruby, :coffee, :jbuilder]}. Searched in:
  * "/home/calvin/TrelloClone/app/views"
  * "/home/calvin/.rvm/gems/ruby-2.4.0/bundler/gems/twitter-bootstrap-rails-c236286b7d6e/app/views"
):
     8:   </head>
     9: 
    10:   <body>
    11:   	<%= render 'nav' %>
    12:   	<div class="container">
    13:     	<%= yield %>
    14:     </div>	
  
app/views/layouts/application.html.erb:11:in `_app_views_layouts_application_html_erb__3113042276929282588_70238499949880'
  Rendering /home/calvin/.rvm/gems/ruby-2.4.0/gems/actionpack-5.0.4/lib/action_dispatch/middleware/templates/rescues/template_error.html.erb within rescues/layout
  Rendering /home/calvin/.rvm/gems/ruby-2.4.0/gems/actionpack-5.0.4/lib/action_dispatch/middleware/templates/rescues/_source.html.erb
  Rendered /home/calvin/.rvm/gems/ruby-2.4.0/gems/actionpack-5.0.4/lib/action_dispatch/middleware/templates/rescues/_source.html.erb (13.5ms)
  Rendering /home/calvin/.rvm/gems/ruby-2.4.0/gems/actionpack-5.0.4/lib/action_dispatch/middleware/templates/rescues/_trace.html.erb
  Rendered /home/calvin/.rvm/gems/ruby-2.4.0/gems/actionpack-5.0.4/lib/action_dispatch/middleware/templates/rescues/_trace.html.erb (5.1ms)
  Rendering /home/calvin/.rvm/gems/ruby-2.4.0/gems/actionpack-5.0.4/lib/action_dispatch/middleware/templates/rescues/_request_and_response.html.erb
  Rendered /home/calvin/.rvm/gems/ruby-2.4.0/gems/actionpack-5.0.4/lib/action_dispatch/middleware/templates/rescues/_request_and_response.html.erb (1.7ms)
  Rendered /home/calvin/.rvm/gems/ruby-2.4.0/gems/actionpack-5.0.4/lib/action_dispatch/middleware/templates/rescues/template_error.html.erb within rescues/layout (49.6ms)
Started GET "/about" for 127.0.0.1 at 2017-07-05 15:39:47 +0200
Processing by PagesController#about as HTML
  Rendering pages/about.html.erb within layouts/application
  Rendered pages/about.html.erb within layouts/application (2.3ms)
  Rendered layouts/_nav.html.erb (0.7ms)
Completed 200 OK in 345ms (Views: 331.6ms | ActiveRecord: 0.0ms)


Started GET "/about" for 127.0.0.1 at 2017-07-05 15:44:57 +0200
Processing by PagesController#about as HTML
  Rendering pages/about.html.erb within layouts/application
  Rendered pages/about.html.erb within layouts/application (1.1ms)
  Rendered layouts/_nav.html.erb (1.0ms)
Completed 200 OK in 188ms (Views: 184.8ms | ActiveRecord: 0.0ms)


Started GET "/" for 127.0.0.1 at 2017-07-05 15:48:34 +0200
Processing by PagesController#home as HTML
  Rendering pages/home.html.erb within layouts/application
  Rendered pages/home.html.erb within layouts/application (2.3ms)
  Rendered layouts/_nav.html.erb (0.8ms)
Completed 200 OK in 358ms (Views: 350.5ms | ActiveRecord: 0.0ms)


Started GET "/" for 127.0.0.1 at 2017-07-05 15:49:19 +0200
Processing by PagesController#home as HTML
  Rendering pages/home.html.erb within layouts/application
  Rendered pages/home.html.erb within layouts/application (1.2ms)
  Rendered layouts/_nav.html.erb (0.7ms)
Completed 200 OK in 178ms (Views: 174.7ms | ActiveRecord: 0.0ms)


Started GET "/" for 127.0.0.1 at 2017-07-05 15:49:51 +0200
Processing by PagesController#home as HTML
  Rendering pages/home.html.erb within layouts/application
  Rendered pages/home.html.erb within layouts/application (4.8ms)
  Rendered layouts/_nav.html.erb (0.6ms)
Completed 200 OK in 209ms (Views: 201.6ms | ActiveRecord: 0.0ms)


Started GET "/" for 127.0.0.1 at 2017-07-05 15:51:13 +0200
Processing by PagesController#home as HTML
  Rendering pages/home.html.erb within layouts/application
  Rendered pages/home.html.erb within layouts/application (2.3ms)
  Rendered layouts/_nav.html.erb (0.6ms)
Completed 200 OK in 282ms (Views: 275.6ms | ActiveRecord: 0.0ms)


Started GET "/" for 127.0.0.1 at 2017-07-05 15:51:16 +0200
Processing by PagesController#home as HTML
  Rendering pages/home.html.erb within layouts/application
  Rendered pages/home.html.erb within layouts/application (3.0ms)
  Rendered layouts/_nav.html.erb (0.6ms)
Completed 200 OK in 229ms (Views: 210.7ms | ActiveRecord: 0.0ms)


Started GET "/" for 127.0.0.1 at 2017-07-05 15:51:18 +0200
Processing by PagesController#home as HTML
  Rendering pages/home.html.erb within layouts/application
  Rendered pages/home.html.erb within layouts/application (1.8ms)
  Rendered layouts/_nav.html.erb (0.6ms)
Completed 200 OK in 227ms (Views: 221.7ms | ActiveRecord: 0.0ms)


Started GET "/" for 127.0.0.1 at 2017-07-05 15:51:53 +0200
Processing by PagesController#home as HTML
  Rendering pages/home.html.erb within layouts/application
  Rendered pages/home.html.erb within layouts/application (2.5ms)
  Rendered layouts/_nav.html.erb (0.7ms)
Completed 200 OK in 260ms (Views: 247.6ms | ActiveRecord: 0.0ms)


Started GET "/" for 127.0.0.1 at 2017-07-05 15:52:05 +0200
Processing by PagesController#home as HTML
  Rendering pages/home.html.erb within layouts/application
  Rendered pages/home.html.erb within layouts/application (1.6ms)
  Rendered layouts/_nav.html.erb (0.7ms)
Completed 200 OK in 311ms (Views: 305.5ms | ActiveRecord: 0.0ms)


Started GET "/" for 127.0.0.1 at 2017-07-05 15:52:21 +0200
Processing by PagesController#home as HTML
  Rendering pages/home.html.erb within layouts/application
  Rendered pages/home.html.erb within layouts/application (2.3ms)
  Rendered layouts/_nav.html.erb (0.7ms)
Completed 200 OK in 260ms (Views: 253.5ms | ActiveRecord: 0.0ms)


Started GET "/" for 127.0.0.1 at 2017-07-05 16:03:58 +0200
Processing by PagesController#home as HTML
  Rendering pages/home.html.erb within layouts/application
  Rendered pages/home.html.erb within layouts/application (2.2ms)
  Rendered layouts/_nav.html.erb (0.7ms)
Completed 200 OK in 296ms (Views: 291.4ms | ActiveRecord: 0.0ms)


Started GET "/" for 127.0.0.1 at 2017-07-05 16:04:32 +0200
Processing by PagesController#home as HTML
  Rendering pages/home.html.erb within layouts/application
  Rendered pages/home.html.erb within layouts/application (2.2ms)
  Rendered layouts/_nav.html.erb (0.8ms)
Completed 200 OK in 294ms (Views: 287.1ms | ActiveRecord: 0.0ms)


Started GET "/" for 127.0.0.1 at 2017-07-05 16:04:46 +0200
Processing by PagesController#home as HTML
  Rendering pages/home.html.erb within layouts/application
  Rendered pages/home.html.erb within layouts/application (1.6ms)
  Rendered layouts/_nav.html.erb (0.7ms)
Completed 200 OK in 258ms (Views: 241.1ms | ActiveRecord: 0.0ms)


Started GET "/" for 127.0.0.1 at 2017-07-05 16:04:53 +0200
Processing by PagesController#home as HTML
  Rendering pages/home.html.erb within layouts/application
  Rendered pages/home.html.erb within layouts/application (2.4ms)
  Rendered layouts/_nav.html.erb (0.9ms)
Completed 200 OK in 298ms (Views: 291.2ms | ActiveRecord: 0.0ms)


Started GET "/" for 127.0.0.1 at 2017-07-05 16:07:16 +0200
Processing by PagesController#home as HTML
  Rendering pages/home.html.erb within layouts/application
  Rendered pages/home.html.erb within layouts/application (2.3ms)
  Rendered layouts/_nav.html.erb (0.6ms)
Completed 200 OK in 236ms (Views: 221.9ms | ActiveRecord: 0.0ms)


Started GET "/" for 127.0.0.1 at 2017-07-05 16:09:35 +0200
Processing by PagesController#home as HTML
  Rendering pages/home.html.erb within layouts/application
  Rendered pages/home.html.erb within layouts/application (3.2ms)
  Rendered layouts/_nav.html.erb (0.7ms)
Completed 200 OK in 322ms (Views: 309.4ms | ActiveRecord: 0.0ms)


Started GET "/" for 127.0.0.1 at 2017-07-05 16:09:51 +0200
Processing by PagesController#home as HTML
  Rendering pages/home.html.erb within layouts/application
  Rendered pages/home.html.erb within layouts/application (0.9ms)
  Rendered layouts/_nav.html.erb (0.7ms)
Completed 200 OK in 185ms (Views: 183.6ms | ActiveRecord: 0.0ms)


Started GET "/" for 127.0.0.1 at 2017-07-05 16:09:56 +0200
Processing by PagesController#home as HTML
  Rendering pages/home.html.erb within layouts/application
  Rendered pages/home.html.erb within layouts/application (3.0ms)
  Rendered layouts/_nav.html.erb (0.7ms)
Completed 200 OK in 201ms (Views: 194.4ms | ActiveRecord: 0.0ms)


Started GET "/" for 127.0.0.1 at 2017-07-05 16:09:58 +0200
Processing by PagesController#home as HTML
  Rendering pages/home.html.erb within layouts/application
  Rendered pages/home.html.erb within layouts/application (3.0ms)
Started GET "/" for 127.0.0.1 at 2017-07-05 16:09:58 +0200
Processing by PagesController#home as HTML
  Rendering pages/home.html.erb within layouts/application
  Rendered pages/home.html.erb within layouts/application (0.9ms)
  Rendered layouts/_nav.html.erb (0.7ms)
Completed 200 OK in 282ms (Views: 268.2ms | ActiveRecord: 0.0ms)


Started GET "/" for 127.0.0.1 at 2017-07-05 16:09:58 +0200
Processing by PagesController#home as HTML
  Rendering pages/home.html.erb within layouts/application
  Rendered pages/home.html.erb within layouts/application (1.1ms)
Started GET "/" for 127.0.0.1 at 2017-07-05 16:09:58 +0200
Processing by PagesController#home as HTML
  Rendering pages/home.html.erb within layouts/application
  Rendered pages/home.html.erb within layouts/application (1.2ms)
  Rendered layouts/_nav.html.erb (1.3ms)
Completed 200 OK in 329ms (Views: 327.3ms | ActiveRecord: 0.0ms)


  Rendered layouts/_nav.html.erb (0.7ms)
Completed 200 OK in 333ms (Views: 330.9ms | ActiveRecord: 0.0ms)


  Rendered layouts/_nav.html.erb (0.6ms)
Completed 200 OK in 263ms (Views: 261.0ms | ActiveRecord: 0.0ms)


Started GET "/" for 127.0.0.1 at 2017-07-05 16:10:19 +0200
Processing by PagesController#home as HTML
  Rendering pages/home.html.erb within layouts/application
  Rendered pages/home.html.erb within layouts/application (1.7ms)
  Rendered layouts/_nav.html.erb (0.6ms)
Completed 200 OK in 206ms (Views: 198.8ms | ActiveRecord: 0.0ms)


Started GET "/" for 127.0.0.1 at 2017-07-05 16:10:36 +0200
Processing by PagesController#home as HTML
  Rendering pages/home.html.erb within layouts/application
  Rendered pages/home.html.erb within layouts/application (4.7ms)
  Rendered layouts/_nav.html.erb (0.8ms)
Completed 200 OK in 321ms (Views: 314.2ms | ActiveRecord: 0.0ms)


Started GET "/" for 127.0.0.1 at 2017-07-05 16:20:57 +0200
Processing by PagesController#home as HTML
  Rendering pages/home.html.erb within layouts/application
  Rendered pages/home.html.erb within layouts/application (16.0ms)
  Rendered layouts/_nav.html.erb (0.7ms)
Completed 200 OK in 1913ms (Views: 1892.1ms | ActiveRecord: 0.0ms)


Started GET "/" for 127.0.0.1 at 2017-07-05 16:22:27 +0200
Processing by PagesController#home as HTML
  Rendering pages/home.html.erb within layouts/application
  Rendered pages/home.html.erb within layouts/application (2.0ms)
  Rendered layouts/_nav.html.erb (0.7ms)
Completed 200 OK in 240ms (Views: 234.3ms | ActiveRecord: 0.0ms)


Started GET "/" for 127.0.0.1 at 2017-07-05 16:24:07 +0200
Processing by PagesController#home as HTML
  Rendering pages/home.html.erb within layouts/application
  Rendered pages/home.html.erb within layouts/application (1.6ms)
  Rendered layouts/_nav.html.erb (0.8ms)
Completed 200 OK in 208ms (Views: 199.7ms | ActiveRecord: 0.0ms)


Started GET "/" for 127.0.0.1 at 2017-07-05 16:24:21 +0200
Processing by PagesController#home as HTML
  Rendering pages/home.html.erb within layouts/application
  Rendered pages/home.html.erb within layouts/application (1.5ms)
  Rendered layouts/_nav.html.erb (0.8ms)
Completed 200 OK in 217ms (Views: 213.8ms | ActiveRecord: 0.0ms)


